<?xml version="1.0" encoding="UTF-8"?>
<!-- Generated by org.testng.reporters.JUnitReportReporter -->
<testsuite hostname="Beast" failures="0" tests="4" name="com.actitime.testscript.CustomerModuledemo" time="0.009" errors="0" timestamp="2023-03-16T19:51:48 IST" skipped="0">
  <testcase classname="com.actitime.testscript.CustomerModuledemo" name="editCustomer" time="0.005"/>
  <system-out>
    <![CDATA[editCustomer]]>
  </system-out>
  <testcase classname="com.actitime.testscript.CustomerModuledemo" name="registerCustomer" time="0.001"/>
  <system-out>
    <![CDATA[registerCustomer]]>
  </system-out>
  <testcase classname="com.actitime.testscript.CustomerModuledemo" name="deletecustomer" time="0.002"/>
  <system-out>
    <![CDATA[deletecustomer]]>
  </system-out>
  <testcase classname="com.actitime.testscript.CustomerModuledemo" name="deletecustomer" time="0.001"/>
  <system-out>
    <![CDATA[deletecustomer]]>
  </system-out>
</testsuite> <!-- com.actitime.testscript.CustomerModuledemo -->
