<?xml version="1.0" encoding="UTF-8"?>
<!-- Generated by org.testng.reporters.JUnitReportReporter -->
<testsuite hostname="Beast" failures="0" tests="1" name="com.actitime.testscript.Demotest" time="0.006" errors="0" timestamp="2023-03-14T10:02:47 IST" skipped="0">
  <testcase classname="com.actitime.testscript.Demotest" name="demo" time="0.006"/>
  <system-out>
    <![CDATA[welcome]]>
  </system-out>
</testsuite> <!-- com.actitime.testscript.Demotest -->
