<?xml version="1.0" encoding="UTF-8"?>
<!-- Generated by org.testng.reporters.JUnitReportReporter -->
<testsuite hostname="Beast" failures="0" tests="1" name="com.actitime.testscript.ProjectModule" time="44.845" errors="0" timestamp="2023-03-17T11:31:49 IST" skipped="0">
  <testcase classname="com.actitime.testscript.ProjectModule" name="createProject" time="44.845"/>
  <system-out>
    <![CDATA[createProject]]>
  </system-out>
</testsuite> <!-- com.actitime.testscript.ProjectModule -->
