<?xml version="1.0" encoding="UTF-8"?>
<!-- Generated by org.testng.reporters.JUnitReportReporter -->
<testsuite hostname="Beast" failures="0" tests="1" name="com.actitime.testscript.DemoAssertion" time="9.186" errors="0" timestamp="2023-03-15T19:06:07 IST" skipped="0">
  <testcase classname="com.actitime.testscript.DemoAssertion" name="verifyTitle" time="9.186"/>
  <system-out/>
</testsuite> <!-- com.actitime.testscript.DemoAssertion -->
